[0814/040608.196:ERROR:process_reader_win.cc(155)] SuspendThread: Access is denied. (0x5)
[0814/040608.196:ERROR:process_reader_win.cc(127)] NtOpenThread: {Access Denied} A process has requested access to an object, but has not been granted those access rights. (0xc0000022)
[0814/040608.196:ERROR:process_reader_win.cc(127)] NtOpenThread: {Access Denied} A process has requested access to an object, but has not been granted those access rights. (0xc0000022)
[0814/040608.196:ERROR:exception_snapshot_win.cc(99)] thread ID 6768 not found in process
[0814/040608.196:ERROR:exception_snapshot_win.cc(99)] thread ID 11892 not found in process
[0814/040608.493:ERROR:minidumpwritedump_with_crashpad_info.cc(435)] Failed to call MiniDumpWriteDump: Only part of a ReadProcessMemory or WriteProcessMemory request was completed. (0x8007012B)
[0814/040608.493:ERROR:minidumpwritedump_with_crashpad_info.cc(592)] Failed to write minidump file
[0814/040608.493:ERROR:crash_report_exception_handler.cc(132)] TryMiniDumpWriteDumpWithCrashpadInfo failed
[0814/040608.493:ERROR:process_memory_win.cc(73)] ReadMemory at 0x1f5cd404fb0 of 72 bytes failed: Only part of a ReadProcessMemory or WriteProcessMemory request was completed. (0x12B)
[0814/040608.493:WARNING:pe_image_annotations_reader.cc(134)] could not read annotations list object in C:\Program Files (x86)\Microsoft\Edge\Application\83.0.478.50\msedge_elf.dll
[0814/040608.493:ERROR:process_memory_win.cc(73)] ReadMemory at 0x1f5cdb164b0 of 72 bytes failed: Only part of a ReadProcessMemory or WriteProcessMemory request was completed. (0x12B)
[0814/040608.493:WARNING:pe_image_annotations_reader.cc(134)] could not read annotations list object in C:\Program Files (x86)\Microsoft\Edge\Application\83.0.478.50\msedge.dll
[0814/040608.524:ERROR:process_memory_win.cc(73)] ReadMemory at 0x7ff6dff20000 of 64 bytes failed: Only part of a ReadProcessMemory or WriteProcessMemory request was completed. (0x12B)
[0814/040608.524:WARNING:pe_image_reader.cc(340)] could not read dos header from C:\Program Files (x86)\Microsoft\Edge\Application\msedge.exe
[0814/040608.524:ERROR:process_memory_win.cc(73)] ReadMemory at 0x1f5cd404fb0 of 72 bytes failed: Only part of a ReadProcessMemory or WriteProcessMemory request was completed. (0x12B)
[0814/040608.524:WARNING:pe_image_annotations_reader.cc(134)] could not read annotations list object in C:\Program Files (x86)\Microsoft\Edge\Application\83.0.478.50\msedge_elf.dll
[0814/040608.524:ERROR:process_memory_win.cc(73)] ReadMemory at 0x7ffc45fb0000 of 64 bytes failed: Only part of a ReadProcessMemory or WriteProcessMemory request was completed. (0x12B)
[0814/040608.524:WARNING:pe_image_reader.cc(340)] could not read dos header from C:\Program Files (x86)\Microsoft\Edge\Application\83.0.478.50\msedge.dll
[0814/040608.524:ERROR:process_memory_win.cc(73)] ReadMemory at 0x7ff6dff20000 of 64 bytes failed: Only part of a ReadProcessMemory or WriteProcessMemory request was completed. (0x12B)
[0814/040608.524:WARNING:pe_image_reader.cc(340)] could not read dos header from C:\Program Files (x86)\Microsoft\Edge\Application\msedge.exe
[0814/040608.524:ERROR:process_memory_win.cc(73)] ReadMemory at 0x1f5cd404fb0 of 72 bytes failed: Only part of a ReadProcessMemory or WriteProcessMemory request was completed. (0x12B)
[0814/040608.524:WARNING:pe_image_annotations_reader.cc(134)] could not read annotations list object in C:\Program Files (x86)\Microsoft\Edge\Application\83.0.478.50\msedge_elf.dll
[0814/040608.524:ERROR:process_memory_win.cc(73)] ReadMemory at 0x7ffc45fb0000 of 64 bytes failed: Only part of a ReadProcessMemory or WriteProcessMemory request was completed. (0x12B)
[0814/040608.524:WARNING:pe_image_reader.cc(340)] could not read dos header from C:\Program Files (x86)\Microsoft\Edge\Application\83.0.478.50\msedge.dll
[0814/040608.524:ERROR:process_memory_win.cc(73)] ReadMemory at 0x7ff6dff20000 of 64 bytes failed: Only part of a ReadProcessMemory or WriteProcessMemory request was completed. (0x12B)
[0814/040608.524:WARNING:pe_image_reader.cc(340)] could not read dos header from C:\Program Files (x86)\Microsoft\Edge\Application\msedge.exe
[0814/040608.524:ERROR:process_memory_win.cc(73)] ReadMemory at 0x1f5cd404fb0 of 72 bytes failed: Only part of a ReadProcessMemory or WriteProcessMemory request was completed. (0x12B)
[0814/040608.524:WARNING:pe_image_annotations_reader.cc(134)] could not read annotations list object in C:\Program Files (x86)\Microsoft\Edge\Application\83.0.478.50\msedge_elf.dll
[0814/040608.524:ERROR:process_memory_win.cc(73)] ReadMemory at 0x7ffc45fb0000 of 64 bytes failed: Only part of a ReadProcessMemory or WriteProcessMemory request was completed. (0x12B)
[0814/040608.524:WARNING:pe_image_reader.cc(340)] could not read dos header from C:\Program Files (x86)\Microsoft\Edge\Application\83.0.478.50\msedge.dll
[0814/040608.539:ERROR:process_memory_win.cc(73)] ReadMemory at 0x97acf52000 of 852 bytes failed: Only part of a ReadProcessMemory or WriteProcessMemory request was completed. (0x12B)
[0814/040608.539:ERROR:process_memory_win.cc(73)] ReadMemory at 0x1f5cce902c0 of 40 bytes failed: Only part of a ReadProcessMemory or WriteProcessMemory request was completed. (0x12B)
[0814/040608.539:ERROR:process_memory_win.cc(73)] ReadMemory at 0x1f5cd0027f0 of 12868 bytes failed: Only part of a ReadProcessMemory or WriteProcessMemory request was completed. (0x12B)
[0814/040608.539:ERROR:process_memory_win.cc(73)] ReadMemory at 0x1f5cd005a50 of 1012 bytes failed: Only part of a ReadProcessMemory or WriteProcessMemory request was completed. (0x12B)
[0814/040608.539:ERROR:process_memory_win.cc(73)] ReadMemory at 0x1f5cd006098 of 120 bytes failed: Only part of a ReadProcessMemory or WriteProcessMemory request was completed. (0x12B)
[0814/040608.539:ERROR:process_memory_win.cc(73)] ReadMemory at 0x1f5cd006112 of 846 bytes failed: Only part of a ReadProcessMemory or WriteProcessMemory request was completed. (0x12B)
[0814/040608.539:ERROR:process_memory_win.cc(73)] ReadMemory at 0x1f5cd006462 of 120 bytes failed: Only part of a ReadProcessMemory or WriteProcessMemory request was completed. (0x12B)
[0814/040608.539:ERROR:process_memory_win.cc(73)] ReadMemory at 0x1f5cd0064dc of 96 bytes failed: Only part of a ReadProcessMemory or WriteProcessMemory request was completed. (0x12B)
[0814/040608.539:ERROR:process_memory_win.cc(73)] ReadMemory at 0x1f5cd006550 of 58 bytes failed: Only part of a ReadProcessMemory or WriteProcessMemory request was completed. (0x12B)
[0814/040608.539:ERROR:process_memory_win.cc(73)] ReadMemory at 0x1f5cd006660 of 132 bytes failed: Only part of a ReadProcessMemory or WriteProcessMemory request was completed. (0x12B)
[0814/040608.539:ERROR:process_memory_win.cc(73)] ReadMemory at 0x1f5cd0067f0 of 132 bytes failed: Only part of a ReadProcessMemory or WriteProcessMemory request was completed. (0x12B)
[0814/040608.539:ERROR:process_memory_win.cc(73)] ReadMemory at 0x1f5cd006dd0 of 132 bytes failed: Only part of a ReadProcessMemory or WriteProcessMemory request was completed. (0x12B)
[0814/040608.539:ERROR:process_memory_win.cc(73)] ReadMemory at 0x1f5cd006f60 of 64 bytes failed: Only part of a ReadProcessMemory or WriteProcessMemory request was completed. (0x12B)
[0814/040608.539:ERROR:process_memory_win.cc(73)] ReadMemory at 0x1f5cd007300 of 152 bytes failed: Only part of a ReadProcessMemory or WriteProcessMemory request was completed. (0x12B)
[0814/040608.539:ERROR:process_memory_win.cc(73)] ReadMemory at 0x1f5cd0073f0 of 132 bytes failed: Only part of a ReadProcessMemory or WriteProcessMemory request was completed. (0x12B)
[0814/040608.539:ERROR:process_memory_win.cc(73)] ReadMemory at 0x1f5cd007580 of 68 bytes failed: Only part of a ReadProcessMemory or WriteProcessMemory request was completed. (0x12B)
[0814/040608.539:ERROR:process_memory_win.cc(73)] ReadMemory at 0x1f5cd008c40 of 40 bytes failed: Only part of a ReadProcessMemory or WriteProcessMemory request was completed. (0x12B)
[0814/040608.539:ERROR:process_memory_win.cc(73)] ReadMemory at 0x1f5cd008cc0 of 132 bytes failed: Only part of a ReadProcessMemory or WriteProcessMemory request was completed. (0x12B)
[0814/040608.539:ERROR:process_memory_win.cc(73)] ReadMemory at 0x1f5cd00ade0 of 132 bytes failed: Only part of a ReadProcessMemory or WriteProcessMemory request was completed. (0x12B)
[0814/040608.539:ERROR:process_memory_win.cc(73)] ReadMemory at 0x1f5cd00b000 of 132 bytes failed: Only part of a ReadProcessMemory or WriteProcessMemory request was completed. (0x12B)
[0814/040608.539:ERROR:process_memory_win.cc(73)] ReadMemory at 0x1f5cd00b360 of 132 bytes failed: Only part of a ReadProcessMemory or WriteProcessMemory request was completed. (0x12B)
[0814/040608.539:ERROR:process_memory_win.cc(73)] ReadMemory at 0x1f5cd00b6a0 of 132 bytes failed: Only part of a ReadProcessMemory or WriteProcessMemory request was completed. (0x12B)
[0814/040608.539:ERROR:process_memory_win.cc(73)] ReadMemory at 0x1f5cd00b9a0 of 80 bytes failed: Only part of a ReadProcessMemory or WriteProcessMemory request was completed. (0x12B)
[0814/040608.539:ERROR:process_memory_win.cc(73)] ReadMemory at 0x1f5cd00d5a0 of 124 bytes failed: Only part of a ReadProcessMemory or WriteProcessMemory request was completed. (0x12B)
[0814/040608.539:ERROR:process_memory_win.cc(73)] ReadMemory at 0x1f5cd0107a0 of 132 bytes failed: Only part of a ReadProcessMemory or WriteProcessMemory request was completed. (0x12B)
[0814/040608.539:ERROR:process_memory_win.cc(73)] ReadMemory at 0x1f5cd0108d0 of 132 bytes failed: Only part of a ReadProcessMemory or WriteProcessMemory request was completed. (0x12B)
[0814/040608.539:ERROR:process_memory_win.cc(73)] ReadMemory at 0x1f5cd010a00 of 132 bytes failed: Only part of a ReadProcessMemory or WriteProcessMemory request was completed. (0x12B)
[0814/040608.539:ERROR:process_memory_win.cc(73)] ReadMemory at 0x1f5cd0111e0 of 132 bytes failed: Only part of a ReadProcessMemory or WriteProcessMemory request was completed. (0x12B)
[0814/040608.555:ERROR:process_memory_win.cc(73)] ReadMemory at 0x1f5cd011310 of 144 bytes failed: Only part of a ReadProcessMemory or WriteProcessMemory request was completed. (0x12B)
[0814/040608.555:ERROR:process_memory_win.cc(73)] ReadMemory at 0x1f5cd0113e0 of 132 bytes failed: Only part of a ReadProcessMemory or WriteProcessMemory request was completed. (0x12B)
[0814/040608.555:ERROR:process_memory_win.cc(73)] ReadMemory at 0x1f5cd011600 of 132 bytes failed: Only part of a ReadProcessMemory or WriteProcessMemory request was completed. (0x12B)
[0814/040608.555:ERROR:process_memory_win.cc(73)] ReadMemory at 0x1f5cd011920 of 132 bytes failed: Only part of a ReadProcessMemory or WriteProcessMemory request was completed. (0x12B)
[0814/040608.555:ERROR:process_memory_win.cc(73)] ReadMemory at 0x1f5cd013190 of 66 bytes failed: Only part of a ReadProcessMemory or WriteProcessMemory request was completed. (0x12B)
[0814/040608.555:ERROR:process_memory_win.cc(73)] ReadMemory at 0x1f5cd013460 of 64 bytes failed: Only part of a ReadProcessMemory or WriteProcessMemory request was completed. (0x12B)
[0814/040608.555:ERROR:process_memory_win.cc(73)] ReadMemory at 0x1f5cd013960 of 64 bytes failed: Only part of a ReadProcessMemory or WriteProcessMemory request was completed. (0x12B)
[0814/040608.555:ERROR:process_memory_win.cc(73)] ReadMemory at 0x1f5cd0139b0 of 64 bytes failed: Only part of a ReadProcessMemory or WriteProcessMemory request was completed. (0x12B)
[0814/040608.555:ERROR:process_memory_win.cc(73)] ReadMemory at 0x1f5cd013a50 of 64 bytes failed: Only part of a ReadProcessMemory or WriteProcessMemory request was completed. (0x12B)
[0814/040608.555:ERROR:process_memory_win.cc(73)] ReadMemory at 0x1f5cd013e60 of 64 bytes failed: Only part of a ReadProcessMemory or WriteProcessMemory request was completed. (0x12B)
[0814/040608.555:ERROR:process_memory_win.cc(73)] ReadMemory at 0x1f5cd013eb0 of 64 bytes failed: Only part of a ReadProcessMemory or WriteProcessMemory request was completed. (0x12B)
[0814/040608.555:ERROR:process_memory_win.cc(73)] ReadMemory at 0x1f5cd013f50 of 64 bytes failed: Only part of a ReadProcessMemory or WriteProcessMemory request was completed. (0x12B)
[0814/040608.555:ERROR:process_memory_win.cc(73)] ReadMemory at 0x1f5cd015050 of 60 bytes failed: Only part of a ReadProcessMemory or WriteProcessMemory request was completed. (0x12B)
[0814/040608.555:ERROR:process_memory_win.cc(73)] ReadMemory at 0x1f5cd015090 of 62 bytes failed: Only part of a ReadProcessMemory or WriteProcessMemory request was completed. (0x12B)
[0814/040608.555:ERROR:process_memory_win.cc(73)] ReadMemory at 0x1f5cd0150d0 of 62 bytes failed: Only part of a ReadProcessMemory or WriteProcessMemory request was completed. (0x12B)
[0814/040608.555:ERROR:process_memory_win.cc(73)] ReadMemory at 0x1f5cd015190 of 62 bytes failed: Only part of a ReadProcessMemory or WriteProcessMemory request was completed. (0x12B)
[0814/040608.555:ERROR:process_memory_win.cc(73)] ReadMemory at 0x1f5cd015290 of 62 bytes failed: Only part of a ReadProcessMemory or WriteProcessMemory request was completed. (0x12B)
[0814/040608.555:ERROR:process_memory_win.cc(73)] ReadMemory at 0x1f5cd0152d0 of 58 bytes failed: Only part of a ReadProcessMemory or WriteProcessMemory request was completed. (0x12B)
[0814/040608.555:ERROR:process_memory_win.cc(73)] ReadMemory at 0x1f5cd015310 of 60 bytes failed: Only part of a ReadProcessMemory or WriteProcessMemory request was completed. (0x12B)
[0814/040608.555:ERROR:process_memory_win.cc(73)] ReadMemory at 0x1f5cd015350 of 62 bytes failed: Only part of a ReadProcessMemory or WriteProcessMemory request was completed. (0x12B)
[0814/040608.555:ERROR:process_memory_win.cc(73)] ReadMemory at 0x1f5cd015390 of 62 bytes failed: Only part of a ReadProcessMemory or WriteProcessMemory request was completed. (0x12B)
[0814/040608.555:ERROR:process_memory_win.cc(73)] ReadMemory at 0x1f5cd0153d0 of 60 bytes failed: Only part of a ReadProcessMemory or WriteProcessMemory request was completed. (0x12B)
[0814/040608.555:ERROR:process_memory_win.cc(73)] ReadMemory at 0x1f5cd015410 of 62 bytes failed: Only part of a ReadProcessMemory or WriteProcessMemory request was completed. (0x12B)
[0814/040608.555:ERROR:process_memory_win.cc(73)] ReadMemory at 0x1f5cd0154d0 of 62 bytes failed: Only part of a ReadProcessMemory or WriteProcessMemory request was completed. (0x12B)
[0814/040608.555:ERROR:process_memory_win.cc(73)] ReadMemory at 0x1f5cd015850 of 60 bytes failed: Only part of a ReadProcessMemory or WriteProcessMemory request was completed. (0x12B)
[0814/040608.555:ERROR:process_memory_win.cc(73)] ReadMemory at 0x1f5cd016160 of 132 bytes failed: Only part of a ReadProcessMemory or WriteProcessMemory request was completed. (0x12B)
[0814/040608.555:ERROR:process_memory_win.cc(73)] ReadMemory at 0x1f5cd016280 of 132 bytes failed: Only part of a ReadProcessMemory or WriteProcessMemory request was completed. (0x12B)
[0814/040608.555:ERROR:process_memory_win.cc(73)] ReadMemory at 0x1f5cd0163a0 of 132 bytes failed: Only part of a ReadProcessMemory or WriteProcessMemory request was completed. (0x12B)
[0814/040608.555:ERROR:process_memory_win.cc(73)] ReadMemory at 0x1f5cd0164c0 of 132 bytes failed: Only part of a ReadProcessMemory or WriteProcessMemory request was completed. (0x12B)
[0814/040608.555:ERROR:process_memory_win.cc(73)] ReadMemory at 0x1f5cd0165e0 of 132 bytes failed: Only part of a ReadProcessMemory or WriteProcessMemory request was completed. (0x12B)
[0814/040608.555:ERROR:process_memory_win.cc(73)] ReadMemory at 0x1f5cd016700 of 132 bytes failed: Only part of a ReadProcessMemory or WriteProcessMemory request was completed. (0x12B)
[0814/040608.555:ERROR:process_memory_win.cc(73)] ReadMemory at 0x1f5cd016820 of 132 bytes failed: Only part of a ReadProcessMemory or WriteProcessMemory request was completed. (0x12B)
[0814/040608.555:ERROR:process_memory_win.cc(73)] ReadMemory at 0x1f5cd016940 of 132 bytes failed: Only part of a ReadProcessMemory or WriteProcessMemory request was completed. (0x12B)
[0814/040608.555:ERROR:process_memory_win.cc(73)] ReadMemory at 0x1f5cd016a60 of 132 bytes failed: Only part of a ReadProcessMemory or WriteProcessMemory request was completed. (0x12B)
[0814/040608.555:ERROR:process_memory_win.cc(73)] ReadMemory at 0x1f5cd016b80 of 132 bytes failed: Only part of a ReadProcessMemory or WriteProcessMemory request was completed. (0x12B)
[0814/040608.555:ERROR:process_memory_win.cc(73)] ReadMemory at 0x1f5cd016dc0 of 132 bytes failed: Only part of a ReadProcessMemory or WriteProcessMemory request was completed. (0x12B)
[0814/040608.555:ERROR:process_memory_win.cc(73)] ReadMemory at 0x1f5cd016ee0 of 132 bytes failed: Only part of a ReadProcessMemory or WriteProcessMemory request was completed. (0x12B)
[0814/040608.555:ERROR:process_memory_win.cc(73)] ReadMemory at 0x1f5cd019160 of 132 bytes failed: Only part of a ReadProcessMemory or WriteProcessMemory request was completed. (0x12B)
[0814/040608.555:ERROR:process_memory_win.cc(73)] ReadMemory at 0x1f5cd0195e0 of 132 bytes failed: Only part of a ReadProcessMemory or WriteProcessMemory request was completed. (0x12B)
[0814/040608.555:ERROR:process_memory_win.cc(73)] ReadMemory at 0x1f5cd01a000 of 132 bytes failed: Only part of a ReadProcessMemory or WriteProcessMemory request was completed. (0x12B)
[0814/040608.555:ERROR:process_memory_win.cc(73)] ReadMemory at 0x1f5cd01a240 of 132 bytes failed: Only part of a ReadProcessMemory or WriteProcessMemory request was completed. (0x12B)
[0814/040608.555:ERROR:process_memory_win.cc(73)] ReadMemory at 0x1f5cd01a6c0 of 132 bytes failed: Only part of a ReadProcessMemory or WriteProcessMemory request was completed. (0x12B)
[0814/040608.555:ERROR:process_memory_win.cc(73)] ReadMemory at 0x1f5cd01aa20 of 132 bytes failed: Only part of a ReadProcessMemory or WriteProcessMemory request was completed. (0x12B)
[0814/040608.555:ERROR:process_memory_win.cc(73)] ReadMemory at 0x1f5cd01b140 of 66 bytes failed: Only part of a ReadProcessMemory or WriteProcessMemory request was completed. (0x12B)
[0814/040608.555:ERROR:process_memory_win.cc(73)] ReadMemory at 0x1f5cd023960 of 40 bytes failed: Only part of a ReadProcessMemory or WriteProcessMemory request was completed. (0x12B)
[0814/040608.555:ERROR:process_memory_win.cc(73)] ReadMemory at 0x1f5cd026090 of 60 bytes failed: Only part of a ReadProcessMemory or WriteProcessMemory request was completed. (0x12B)
[0814/040608.555:ERROR:process_memory_win.cc(73)] ReadMemory at 0x1f5cd0260d0 of 62 bytes failed: Only part of a ReadProcessMemory or WriteProcessMemory request was completed. (0x12B)
[0814/040608.555:ERROR:process_memory_win.cc(73)] ReadMemory at 0x1f5cd026550 of 60 bytes failed: Only part of a ReadProcessMemory or WriteProcessMemory request was completed. (0x12B)
[0814/040608.555:ERROR:process_memory_win.cc(73)] ReadMemory at 0x1f5cd026750 of 60 bytes failed: Only part of a ReadProcessMemory or WriteProcessMemory request was completed. (0x12B)
[0814/040608.555:ERROR:process_memory_win.cc(73)] ReadMemory at 0x1f5cd02dac0 of 80 bytes failed: Only part of a ReadProcessMemory or WriteProcessMemory request was completed. (0x12B)
[0814/040608.555:ERROR:process_memory_win.cc(73)] ReadMemory at 0x1f5cd2002c0 of 40 bytes failed: Only part of a ReadProcessMemory or WriteProcessMemory request was completed. (0x12B)
[0814/040608.555:ERROR:scoped_process_suspend.cc(40)] NtResumeProcess: An attempt was made to access an exiting process. (0xc000010a)
[0817/041856.070:WARNING:minidump_to_upload_parameters.cc(36)] duplicate key guid, discarding value 53421bae-3ce4-494a-a3cb-8a59200eecac
[0903/142642.293:WARNING:minidump_to_upload_parameters.cc(36)] duplicate key guid, discarding value 53421bae-3ce4-494a-a3cb-8a59200eecac
[0903/142757.017:WARNING:minidump_to_upload_parameters.cc(36)] duplicate key guid, discarding value 53421bae-3ce4-494a-a3cb-8a59200eecac
